<?xml version="1.0" encoding="UTF-8"?>
<!-- Generated by org.testng.reporters.JUnitXMLReporter -->
<testsuite ignored="0" hostname="LAPTOP-KB7KK6RH" failures="0" tests="4" name="Test" time="17.185" errors="0" timestamp="2022-04-14T00:52:43 IST">
  <testcase classname="datadriven.LoginTest" name="loginTest" time="9.394"/>
  <testcase classname="datadriven.LoginTest" name="loginTest" time="1.21"/>
  <testcase classname="datadriven.LoginTest" name="loginTest" time="1.197"/>
  <testcase classname="datadriven.LoginTest" name="loginTest" time="1.207"/>
</testsuite> <!-- Test -->
